[DEBUG|logging_pack.py:45] 2021-07-13 00:52:45,537 > debug 모드!
[INFO|logging_pack.py:46] 2021-07-13 00:52:45,539 > info 모드!
[WARNING|logging_pack.py:47] 2021-07-13 00:52:45,540 > warning 모드!
[ERROR|logging_pack.py:48] 2021-07-13 00:52:45,540 > error 모드!
[CRITICAL|logging_pack.py:49] 2021-07-13 00:52:45,540 > critical 모드!
[DEBUG|trader.py:6] 2021-07-13 00:52:45,628 > trader start !!!!!!
[DEBUG|trader.py:11] 2021-07-13 00:52:45,741 > Trader __init__!!!
[DEBUG|open_api.py:101] 2021-07-13 00:52:45,743 > self.today->20210713
[DEBUG|open_api.py:310] 2021-07-13 00:53:26,761 > connected
[DEBUG|open_api.py:251] 2021-07-13 00:53:26,761 > account_info 함수에 들어왔습니다!
[DEBUG|open_api.py:258] 2021-07-13 00:53:26,761 > get_login_info 함수에 들어왔습니다!
[DEBUG|open_api.py:254] 2021-07-13 00:53:26,762 > 계좌번호 : 8001277211
[DEBUG|open_api.py:167] 2021-07-13 00:53:26,762 > variable_setting 함수에 들어왔다.
[DEBUG|open_api.py:181] 2021-07-13 00:53:26,762 > 모의투자 1!!
[DEBUG|open_api.py:214] 2021-07-13 00:53:26,762 > db name !!! : JackBot1_imi1
[DEBUG|open_api.py:205] 2021-07-13 00:53:26,790 > JackBot1_imi1 데이터 베이스가 존재한다! 
[DEBUG|open_api.py:84] 2021-07-13 00:53:26,840 > self.sf.simul_num(알고리즘 번호) : 1
[DEBUG|open_api.py:85] 2021-07-13 00:53:26,840 > self.sf.db_to_realtime_daily_buy_list_num : 1
[DEBUG|open_api.py:86] 2021-07-13 00:53:26,840 > self.sf.sell_list_num : 1
[DEBUG|open_api.py:92] 2021-07-13 00:53:26,880 > setting_data db 존재한다!!!
[DEBUG|open_api.py:1469] 2021-07-13 00:53:26,933 > get_d2_deposit 함수에 들어왔습니다!
[DEBUG|open_api.py:1135] 2021-07-13 00:53:26,934 > 1
[DEBUG|open_api.py:297] 2021-07-13 00:53:27,196 > _receive_msg 함수에 들어왔습니다!
[DEBUG|open_api.py:305] 2021-07-13 00:53:27,196 > [100000] 모의투자 조회완료
[DEBUG|open_api.py:1480] 2021-07-13 00:53:27,198 > _opw00001!!!
[DEBUG|open_api.py:1484] 2021-07-13 00:53:27,198 > 예수금!!!!
[DEBUG|open_api.py:1485] 2021-07-13 00:53:27,198 > 000000500000000
[DEBUG|open_api.py:542] 2021-07-13 00:53:27,199 > check_balance 함수에 들어왔습니다!
[DEBUG|open_api.py:1135] 2021-07-13 00:53:27,537 > 2
[DEBUG|open_api.py:297] 2021-07-13 00:53:27,568 > _receive_msg 함수에 들어왔습니다!
[DEBUG|open_api.py:305] 2021-07-13 00:53:27,569 > [571578] 모의투자 해당조회내역이 없습니다.
[DEBUG|open_api.py:1633] 2021-07-13 00:53:27,570 > _opw00018!!!
[DEBUG|open_api.py:101] 2021-07-13 00:53:27,902 > self.today->20210713
[DEBUG|trader.py:114] 2021-07-13 00:53:27,902 > market_time_check!!!
[DEBUG|trader.py:64] 2021-07-13 00:53:27,902 > auto_trade_sell_stock 함수에 들어왔습니다!
[DEBUG|open_api.py:542] 2021-07-13 00:53:27,902 > check_balance 함수에 들어왔습니다!
[DEBUG|open_api.py:1135] 2021-07-13 00:53:28,147 > 3
[DEBUG|open_api.py:297] 2021-07-13 00:53:28,177 > _receive_msg 함수에 들어왔습니다!
[DEBUG|open_api.py:305] 2021-07-13 00:53:28,177 > [571578] 모의투자 해당조회내역이 없습니다.
[DEBUG|open_api.py:1633] 2021-07-13 00:53:28,178 > _opw00018!!!
[DEBUG|open_api.py:582] 2021-07-13 00:53:28,179 > db_to_possesed_item 함수에 들어왔습니다!
[DEBUG|open_api.py:1189] 2021-07-13 00:53:28,337 > possess_item 테이블에는 있는데 all_item_db에 없는 종목들 처리!!!
[DEBUG|open_api.py:1190] 2021-07-13 00:53:28,337 > []
[DEBUG|open_api.py:1144] 2021-07-13 00:53:28,340 > possess_item 테이블에는 없는데 all_item_db에 sell_date가 없는 리스트 처리!!!
[DEBUG|open_api.py:1145] 2021-07-13 00:53:28,340 > []
[DEBUG|trader.py:50] 2021-07-13 00:53:28,345 > get_sell_list 함수에 들어왔습니다!
[DEBUG|open_api.py:1224] 2021-07-13 00:53:28,346 > in chegyul_check!!!!! all_item_db에서 cheguyl_check가 1인 종목들(미체결상태) 확인!!!
[DEBUG|open_api.py:1225] 2021-07-13 00:53:28,347 > []
[DEBUG|open_api.py:1158] 2021-07-13 00:53:28,347 > rate_check!!!
[DEBUG|open_api.py:1162] 2021-07-13 00:53:28,348 > rate 업데이트 !!!
[DEBUG|open_api.py:1163] 2021-07-13 00:53:28,348 > []
